#
# There is insufficient memory for the Java Runtime Environment to continue.
# Native memory allocation (mmap) failed to map 65011712 bytes for committing reserved memory.
# Possible reasons:
#   The system is out of physical RAM or swap space
#   In 32 bit mode, the process size limit was hit
# Possible solutions:
#   Reduce memory load on the system
#   Increase physical memory or swap space
#   Check if swap backing store is full
#   Use 64 bit Java on a 64 bit OS
#   Decrease Java heap size (-Xmx/-Xms)
#   Decrease number of Java threads
#   Decrease Java thread stack sizes (-Xss)
#   Set larger code cache with -XX:ReservedCodeCacheSize=
# This output file may be truncated or incomplete.
#
#  Out of Memory Error (os_linux.cpp:2627), pid=28736, tid=0x00007fe200c81700
#
# JRE version: Java(TM) SE Runtime Environment (8.0_121-b13) (build 1.8.0_121-b13)
# Java VM: Java HotSpot(TM) 64-Bit Server VM (25.121-b13 mixed mode linux-amd64 compressed oops)
# Failed to write core dump. Core dumps have been disabled. To enable core dumping, try "ulimit -c unlimited" before starting Java again
#

---------------  T H R E A D  ---------------

Current thread (0x00007fe1fc071000):  VMThread [stack: 0x00007fe200b81000,0x00007fe200c82000] [id=28747]

Stack: [0x00007fe200b81000,0x00007fe200c82000],  sp=0x00007fe200c80220,  free space=1020k
Native frames: (J=compiled Java code, j=interpreted, Vv=VM code, C=native code)
V  [libjvm.so+0xac703a]
V  [libjvm.so+0x4fc7eb]
V  [libjvm.so+0x923c43]
V  [libjvm.so+0x924199]
V  [libjvm.so+0x91e4aa]
V  [libjvm.so+0x992f03]
V  [libjvm.so+0x994308]
V  [libjvm.so+0x993462]
V  [libjvm.so+0x99073b]
V  [libjvm.so+0x990ec1]
V  [libjvm.so+0x947c10]
V  [libjvm.so+0xac8a57]
V  [libjvm.so+0xad0535]
V  [libjvm.so+0xace90a]
V  [libjvm.so+0xacec8e]
V  [libjvm.so+0xacf100]
V  [libjvm.so+0x926268]

VM_Operation (0x00007fe1cc3139c0): ParallelGCFailedAllocation, mode: safepoint, requested by thread 0x00007fe1fc247000


---------------  P R O C E S S  ---------------

Java Threads: ( => current thread )
  0x00007fe1ac033800 JavaThread "TimerQueue" daemon [_thread_blocked, id=29043, stack(0x00007fe1cc07c000,0x00007fe1cc17d000)]
  0x00007fe1fc007800 JavaThread "DestroyJavaVM" [_thread_blocked, id=28739, stack(0x00007fe20565d000,0x00007fe20575e000)]
  0x00007fe1fc247000 JavaThread "AWT-EventQueue-0" [_thread_blocked, id=28788, stack(0x00007fe1cc217000,0x00007fe1cc318000)]
  0x00007fe1fc245800 JavaThread "AWT-Shutdown" [_thread_blocked, id=28787, stack(0x00007fe1cc318000,0x00007fe1cc419000)]
  0x00007fe1fc1f2000 JavaThread "AWT-XAWT" daemon [_thread_blocked, id=28768, stack(0x00007fe1cc419000,0x00007fe1cc51a000)]
  0x00007fe1fc1ce800 JavaThread "Java2D Disposer" daemon [_thread_blocked, id=28766, stack(0x00007fe2000a7000,0x00007fe2001a8000)]
  0x00007fe1fc0cb000 JavaThread "Service Thread" daemon [_thread_blocked, id=28757, stack(0x00007fe20057b000,0x00007fe20067c000)]
  0x00007fe1fc0b6000 JavaThread "C1 CompilerThread1" daemon [_thread_blocked, id=28756, stack(0x00007fe20067c000,0x00007fe20077d000)]
  0x00007fe1fc0b3000 JavaThread "C2 CompilerThread0" daemon [_thread_blocked, id=28754, stack(0x00007fe20077d000,0x00007fe20087e000)]
  0x00007fe1fc0b1800 JavaThread "Signal Dispatcher" daemon [_thread_blocked, id=28753, stack(0x00007fe20087e000,0x00007fe20097f000)]
  0x00007fe1fc07d800 JavaThread "Finalizer" daemon [_thread_blocked, id=28751, stack(0x00007fe20097f000,0x00007fe200a80000)]
  0x00007fe1fc079000 JavaThread "Reference Handler" daemon [_thread_blocked, id=28749, stack(0x00007fe200a80000,0x00007fe200b81000)]

Other Threads:
=>0x00007fe1fc071000 VMThread [stack: 0x00007fe200b81000,0x00007fe200c82000] [id=28747]
  0x00007fe1fc0cd800 WatcherThread [stack: 0x00007fe20047a000,0x00007fe20057b000] [id=28758]

VM state:at safepoint (normal execution)

VM Mutex/Monitor currently owned by a thread:  ([mutex/lock_event])
[0x00007fe1fc006010] Threads_lock - owner thread: 0x00007fe1fc071000
[0x00007fe1fc006510] Heap_lock - owner thread: 0x00007fe1fc247000

Heap:
 PSYoungGen      total 68608K, used 5117K [0x00000000d7400000, 0x00000000dbc00000, 0x0000000100000000)
  eden space 63488K, 0% used [0x00000000d7400000,0x00000000d7400000,0x00000000db200000)
  from space 5120K, 99% used [0x00000000db200000,0x00000000db6ff630,0x00000000db700000)
  to   space 5120K, 0% used [0x00000000db700000,0x00000000db700000,0x00000000dbc00000)
 ParOldGen       total 84992K, used 21037K [0x0000000085c00000, 0x000000008af00000, 0x00000000d7400000)
  object space 84992K, 24% used [0x0000000085c00000,0x000000008708b620,0x000000008af00000)
 Metaspace       used 15217K, capacity 15502K, committed 15872K, reserved 1062912K
  class space    used 1852K, capacity 1939K, committed 2048K, reserved 1048576K

Card table byte_map: [0x00007fe2028cb000,0x00007fe202c9e000] byte_map_base: 0x00007fe20249d000

Marking Bits: (ParMarkBitMap*) 0x00007fe204b80c80
 Begin Bits: [0x00007fe1e92e0000, 0x00007fe1eb170000)
 End Bits:   [0x00007fe1eb170000, 0x00007fe1ed000000)

Polling page: 0x00007fe2057ad000

CodeCache: size=245760Kb used=6373Kb max_used=6373Kb free=239386Kb
 bounds [0x00007fe1ed000000, 0x00007fe1ed640000, 0x00007fe1fc000000]
 total_blobs=2408 nmethods=1826 adapters=496
 compilation: enabled

Compilation events (10 events):
Event: 135,261 Thread 0x00007fe1fc0b6000 1905       2       sun.java2d.pipe.GlyphListPipe::drawString (202 bytes)
Event: 135,261 Thread 0x00007fe1fc0b6000 nmethod 1905 0x00007fe1ed6399d0 code [0x00007fe1ed639be0, 0x00007fe1ed63a1e8]
Event: 135,261 Thread 0x00007fe1fc0b6000 1917       2       javax.swing.BufferStrategyPaintManager::resetAccumulated (23 bytes)
Event: 135,261 Thread 0x00007fe1fc0b6000 nmethod 1917 0x00007fe1ed63a650 code [0x00007fe1ed63a7a0, 0x00007fe1ed63a910]
Event: 135,261 Thread 0x00007fe1fc0b6000 1914       2       sun.swing.SwingUtilities2::isPrinting (20 bytes)
Event: 135,262 Thread 0x00007fe1fc0b6000 nmethod 1914 0x00007fe1ed63a990 code [0x00007fe1ed63ab00, 0x00007fe1ed63ad10]
Event: 135,262 Thread 0x00007fe1fc0b6000 1916       2       sun.java2d.xr.XRCompositeManager::getCurrentSource (56 bytes)
Event: 135,262 Thread 0x00007fe1fc0b6000 nmethod 1916 0x00007fe1ed63ad90 code [0x00007fe1ed63af00, 0x00007fe1ed63b0c8]
Event: 135,262 Thread 0x00007fe1fc0b6000 1919   !   2       sun.swing.SwingUtilities2::drawString (437 bytes)
Event: 135,263 Thread 0x00007fe1fc0b6000 nmethod 1919 0x00007fe1ed63b190 code [0x00007fe1ed63b540, 0x00007fe1ed63c758]

GC Heap History (5 events):
Event: 121,142 GC heap before
{Heap before GC invocations=1 (full 0):
 PSYoungGen      total 36864K, used 30700K [0x00000000d7400000, 0x00000000d9d00000, 0x0000000100000000)
  eden space 31744K, 96% used [0x00000000d7400000,0x00000000d91fb310,0x00000000d9300000)
  from space 5120K, 0% used [0x00000000d9800000,0x00000000d9800000,0x00000000d9d00000)
  to   space 5120K, 0% used [0x00000000d9300000,0x00000000d9300000,0x00000000d9800000)
 ParOldGen       total 84992K, used 0K [0x0000000085c00000, 0x000000008af00000, 0x00000000d7400000)
  object space 84992K, 0% used [0x0000000085c00000,0x0000000085c00000,0x000000008af00000)
 Metaspace       used 14689K, capacity 14920K, committed 15232K, reserved 1062912K
  class space    used 1815K, capacity 1874K, committed 1920K, reserved 1048576K
Event: 125,634 GC heap after
Heap after GC invocations=1 (full 0):
 PSYoungGen      total 36864K, used 4742K [0x00000000d7400000, 0x00000000dbc00000, 0x0000000100000000)
  eden space 31744K, 0% used [0x00000000d7400000,0x00000000d7400000,0x00000000d9300000)
  from space 5120K, 92% used [0x00000000d9300000,0x00000000d97a1930,0x00000000d9800000)
  to   space 5120K, 0% used [0x00000000db700000,0x00000000db700000,0x00000000dbc00000)
 ParOldGen       total 84992K, used 8K [0x0000000085c00000, 0x000000008af00000, 0x00000000d7400000)
  object space 84992K, 0% used [0x0000000085c00000,0x0000000085c02000,0x000000008af00000)
 Metaspace       used 14689K, capacity 14920K, committed 15232K, reserved 1062912K
  class space    used 1815K, capacity 1874K, committed 1920K, reserved 1048576K
}
Event: 130,903 GC heap before
{Heap before GC invocations=2 (full 0):
 PSYoungGen      total 36864K, used 36486K [0x00000000d7400000, 0x00000000dbc00000, 0x0000000100000000)
  eden space 31744K, 100% used [0x00000000d7400000,0x00000000d9300000,0x00000000d9300000)
  from space 5120K, 92% used [0x00000000d9300000,0x00000000d97a1930,0x00000000d9800000)
  to   space 5120K, 0% used [0x00000000db700000,0x00000000db700000,0x00000000dbc00000)
 ParOldGen       total 84992K, used 8K [0x0000000085c00000, 0x000000008af00000, 0x00000000d7400000)
  object space 84992K, 0% used [0x0000000085c00000,0x0000000085c02000,0x000000008af00000)
 Metaspace       used 14915K, capacity 15144K, committed 15488K, reserved 1062912K
  class space    used 1842K, capacity 1906K, committed 1920K, reserved 1048576K
Event: 131,147 GC heap after
Heap after GC invocations=2 (full 0):
 PSYoungGen      total 68608K, used 5099K [0x00000000d7400000, 0x00000000dbc00000, 0x0000000100000000)
  eden space 63488K, 0% used [0x00000000d7400000,0x00000000d7400000,0x00000000db200000)
  from space 5120K, 99% used [0x00000000db700000,0x00000000dbbfae10,0x00000000dbc00000)
  to   space 5120K, 0% used [0x00000000db200000,0x00000000db200000,0x00000000db700000)
 ParOldGen       total 84992K, used 12860K [0x0000000085c00000, 0x000000008af00000, 0x00000000d7400000)
  object space 84992K, 15% used [0x0000000085c00000,0x000000008688f1f0,0x000000008af00000)
 Metaspace       used 14915K, capacity 15144K, committed 15488K, reserved 1062912K
  class space    used 1842K, capacity 1906K, committed 1920K, reserved 1048576K
}
Event: 139,753 GC heap before
{Heap before GC invocations=3 (full 0):
 PSYoungGen      total 68608K, used 68587K [0x00000000d7400000, 0x00000000dbc00000, 0x0000000100000000)
  eden space 63488K, 100% used [0x00000000d7400000,0x00000000db200000,0x00000000db200000)
  from space 5120K, 99% used [0x00000000db700000,0x00000000dbbfae10,0x00000000dbc00000)
  to   space 5120K, 0% used [0x00000000db200000,0x00000000db200000,0x00000000db700000)
 ParOldGen       total 84992K, used 12860K [0x0000000085c00000, 0x000000008af00000, 0x00000000d7400000)
  object space 84992K, 15% used [0x0000000085c00000,0x000000008688f1f0,0x000000008af00000)
 Metaspace       used 15217K, capacity 15502K, committed 15872K, reserved 1062912K
  class space    used 1852K, capacity 1939K, committed 2048K, reserved 1048576K

Deoptimization events (10 events):
Event: 11,449 Thread 0x00007fe1fc007800 Uncommon trap: reason=unstable_if action=reinterpret pc=0x00007fe1ed299748 method=java.nio.Buffer.nextGetIndex()I @ 8
Event: 11,537 Thread 0x00007fe1fc007800 Uncommon trap: reason=unstable_if action=reinterpret pc=0x00007fe1ed29bc70 method=java.nio.Buffer.nextGetIndex()I @ 8
Event: 11,811 Thread 0x00007fe1fc007800 Uncommon trap: reason=unstable_if action=reinterpret pc=0x00007fe1ed28ef10 method=java.nio.Buffer.nextGetIndex()I @ 8
Event: 20,759 Thread 0x00007fe1fc007800 Uncommon trap: reason=unstable_if action=reinterpret pc=0x00007fe1ed2b5d0c method=java.lang.CharacterData.of(I)Ljava/lang/CharacterData; @ 4
Event: 31,836 Thread 0x00007fe1fc247000 Uncommon trap: reason=class_check action=maybe_recompile pc=0x00007fe1ed1979b0 method=java.lang.String.equals(Ljava/lang/Object;)Z @ 8
Event: 31,836 Thread 0x00007fe1fc247000 Uncommon trap: reason=class_check action=maybe_recompile pc=0x00007fe1ed1979b0 method=java.lang.String.equals(Ljava/lang/Object;)Z @ 8
Event: 31,927 Thread 0x00007fe1ac033800 Uncommon trap: reason=unstable_if action=reinterpret pc=0x00007fe1ed3ac404 method=java.util.concurrent.locks.AbstractQueuedSynchronizer.release(I)Z @ 14
Event: 31,935 Thread 0x00007fe1fc247000 Uncommon trap: reason=unstable_if action=reinterpret pc=0x00007fe1ed39c7b4 method=java.awt.Component.inside(II)Z @ 9
Event: 93,525 Thread 0x00007fe1fc247000 Uncommon trap: reason=class_check action=maybe_recompile pc=0x00007fe1ed1979b0 method=java.lang.String.equals(Ljava/lang/Object;)Z @ 8
Event: 120,460 Thread 0x00007fe1fc247000 Uncommon trap: reason=unstable_if action=reinterpret pc=0x00007fe1ed345ed0 method=sun.awt.image.ByteInterleavedRaster.putByteData(IIII[B)V @ 395

Internal exceptions (10 events):
Event: 0,917 Thread 0x00007fe1fc007800 Exception <a 'java/security/PrivilegedActionException'> (0x00000000d7543758) thrown at [/HUDSON3/workspace/8-2-build-linux-amd64/jdk8u121/8372/hotspot/src/share/vm/prims/jvm.cpp, line 1390]
Event: 0,917 Thread 0x00007fe1fc007800 Exception <a 'java/security/PrivilegedActionException'> (0x00000000d7545ce0) thrown at [/HUDSON3/workspace/8-2-build-linux-amd64/jdk8u121/8372/hotspot/src/share/vm/prims/jvm.cpp, line 1390]
Event: 0,917 Thread 0x00007fe1fc007800 Exception <a 'java/security/PrivilegedActionException'> (0x00000000d7545ef0) thrown at [/HUDSON3/workspace/8-2-build-linux-amd64/jdk8u121/8372/hotspot/src/share/vm/prims/jvm.cpp, line 1390]
Event: 1,331 Thread 0x00007fe1fc007800 Exception <a 'java/lang/NoSuchFieldError': method resolution failed> (0x00000000d7611e40) thrown at [/HUDSON3/workspace/8-2-build-linux-amd64/jdk8u121/8372/hotspot/src/share/vm/prims/methodHandles.cpp, line 1146]
Event: 1,355 Thread 0x00007fe1fc007800 Exception <a 'java/lang/NoSuchFieldError': method resolution failed> (0x00000000d761f610) thrown at [/HUDSON3/workspace/8-2-build-linux-amd64/jdk8u121/8372/hotspot/src/share/vm/prims/methodHandles.cpp, line 1146]
Event: 1,659 Thread 0x00007fe1fc007800 Exception <a 'java/io/FileNotFoundException'> (0x00000000d769f3c0) thrown at [/HUDSON3/workspace/8-2-build-linux-amd64/jdk8u121/8372/hotspot/src/share/vm/prims/jni.cpp, line 709]
Event: 1,659 Thread 0x00007fe1fc007800 Exception <a 'java/io/FileNotFoundException'> (0x00000000d769fde8) thrown at [/HUDSON3/workspace/8-2-build-linux-amd64/jdk8u121/8372/hotspot/src/share/vm/prims/jni.cpp, line 709]
Event: 1,845 Thread 0x00007fe1fc007800 Implicit null exception at 0x00007fe1ed179722 to 0x00007fe1ed1798f5
Event: 22,022 Thread 0x00007fe1fc247000 Exception <a 'java/lang/UnsupportedOperationException': > (0x00000000d8a62b90) thrown at [/HUDSON3/workspace/8-2-build-linux-amd64/jdk8u121/8372/hotspot/src/share/vm/prims/jni.cpp, line 735]
Event: 31,927 Thread 0x00007fe1ac033800 Implicit null exception at 0x00007fe1ed3ac30c to 0x00007fe1ed3ac3f2

Events (10 events):
Event: 132,293 loading class sun/awt/X11/XUnmapEvent done
Event: 132,295 loading class java/awt/Component$FlipBufferStrategy
Event: 132,442 loading class java/awt/Component$FlipBufferStrategy done
Event: 132,472 loading class sun/java2d/loops/Blit$GeneralMaskBlit
Event: 132,488 loading class sun/java2d/loops/Blit$GeneralMaskBlit done
Event: 132,488 loading class sun/java2d/loops/MaskBlit$General
Event: 132,489 loading class sun/java2d/loops/GraphicsPrimitive$GeneralBinaryOp
Event: 132,491 loading class sun/java2d/loops/GraphicsPrimitive$GeneralBinaryOp done
Event: 132,491 loading class sun/java2d/loops/MaskBlit$General done
Event: 137,129 Executing VM operation: ParallelGCFailedAllocation


Dynamic libraries:
00400000-00401000 r-xp 00000000 08:01 11541170                           /usr/lib/jvm/jdk-8-oracle-x64/jre/bin/java
00600000-00601000 rw-p 00000000 08:01 11541170                           /usr/lib/jvm/jdk-8-oracle-x64/jre/bin/java
02214000-02259000 rw-p 00000000 00:00 0                                  [heap]
85c00000-8af00000 rw-p 00000000 00:00 0 
8af00000-d7400000 ---p 00000000 00:00 0 
d7400000-dbc00000 rw-p 00000000 00:00 0 
dfa00000-100000000 ---p 00000000 00:00 0 
100000000-100200000 rw-p 00000000 00:00 0 
100200000-140000000 ---p 00000000 00:00 0 
7fe1a59a2000-7fe1a5b22000 rw-p 00000000 00:00 0 
7fe1a5b22000-7fe1a5ba2000 ---p 00000000 00:00 0 
7fe1a5ba2000-7fe1a5bdd000 r-xp 00000000 08:01 11541286                   /usr/lib/jvm/jdk-8-oracle-x64/jre/lib/amd64/libjpeg.so
7fe1a5bdd000-7fe1a5ddc000 ---p 0003b000 08:01 11541286                   /usr/lib/jvm/jdk-8-oracle-x64/jre/lib/amd64/libjpeg.so
7fe1a5ddc000-7fe1a5ddd000 rw-p 0003a000 08:01 11541286                   /usr/lib/jvm/jdk-8-oracle-x64/jre/lib/amd64/libjpeg.so
7fe1a6076000-7fe1a6077000 r--s 00000000 08:01 10760846                   /var/cache/fontconfig/087e1975ba9a574b140bb1df193bf770-le64.cache-4
7fe1a6077000-7fe1a6085000 r--s 00000000 08:01 10762851                   /var/cache/fontconfig/6aa41aa22e18b8fa06a12da28ea9c28b-le64.cache-4
7fe1a6085000-7fe1a6090000 r--s 00000000 08:01 10763073                   /var/cache/fontconfig/945677eb7aeaf62f1d50efc3fb3ec7d8-le64.cache-4
7fe1a6090000-7fe1a6093000 r--s 00000000 08:01 10763100                   /var/cache/fontconfig/f24b2111ab8703b4e963115a8cf14259-le64.cache-4
7fe1a6093000-7fe1a6097000 r--s 00000000 08:01 10763062                   /var/cache/fontconfig/6d41288fd70b0be22e8c3a91e032eec0-le64.cache-4
7fe1a6097000-7fe1a6098000 r--s 00000000 08:01 10763076                   /var/cache/fontconfig/9c956a7723ca69a44b382d9179c9802f-le64.cache-4
7fe1a6098000-7fe1a6099000 r--s 00000000 08:01 10763072                   /var/cache/fontconfig/9451a55048e8dbe8633e64d34165fdf2-le64.cache-4
7fe1a6099000-7fe1a609a000 r--s 00000000 08:01 10762989                   /var/cache/fontconfig/4794a0821666d79190d59a36cb4f44b5-le64.cache-4
7fe1a609a000-7fe1a609b000 r--s 00000000 08:01 10763077                   /var/cache/fontconfig/9eae20f1ff8cc0a7d125749e875856bd-le64.cache-4
7fe1a609b000-7fe1a60ad000 r--s 00000000 08:01 10755904                   /var/cache/fontconfig/0bd3dc0958fa2205aaaa8ebb13e2872b-le64.cache-4
7fe1a60ad000-7fe1a60af000 r--s 00000000 08:01 10763079                   /var/cache/fontconfig/bf2c1853a9e9b00bb02fe2e9bcf1e201-le64.cache-4
7fe1a60af000-7fe1a60b3000 r--s 00000000 08:01 10763083                   /var/cache/fontconfig/c57959a16110560c8d0fcea73374aeeb-le64.cache-4
7fe1a60b3000-7fe1a60ba000 r--s 00000000 08:01 10763042                   /var/cache/fontconfig/3047814df9a2f067bd2d96a2b9c36e5a-le64.cache-4
7fe1a60ba000-7fe1a60c2000 r--s 00000000 08:01 10763080                   /var/cache/fontconfig/bf3b770c553c462765856025a94f1ce6-le64.cache-4
7fe1a60c2000-7fe1a60c5000 r--s 00000000 08:01 10762965                   /var/cache/fontconfig/14d493b97896515cad3840ba4896e372-le64.cache-4
7fe1a60c5000-7fe1a60c6000 r--s 00000000 08:01 10763069                   /var/cache/fontconfig/89034621ae2a8922916bb6bfa5799546-le64.cache-4
7fe1a60c6000-7fe1a60c9000 r--s 00000000 08:01 10763096                   /var/cache/fontconfig/e49e89034d371f0f9de17aab02136486-le64.cache-4
7fe1a60c9000-7fe1a60cb000 r--s 00000000 08:01 10763052                   /var/cache/fontconfig/4b14b093aebc79c320de5e86ae1d3314-le64.cache-4
7fe1a60cb000-7fe1a60de000 r--s 00000000 08:01 10763089                   /var/cache/fontconfig/d52a8644073d54c13679302ca1180695-le64.cache-4
7fe1a60de000-7fe1a60df000 r--s 00000000 08:01 10761084                   /var/cache/fontconfig/8a687c406b77f27d99abfeeba937fcce-le64.cache-4
7fe1a60df000-7fe1a60e4000 r--s 00000000 08:01 10763066                   /var/cache/fontconfig/75ad6aa2358a85f0de2c8ee4837e8227-le64.cache-4
7fe1a60e4000-7fe1a60ec000 r--s 00000000 08:01 10756093                   /var/cache/fontconfig/105b9c7e6f0a4f82d8c9b6e39c52c6f9-le64.cache-4
7fe1a60ec000-7fe1a60f6000 r--s 00000000 08:01 10760777                   /var/cache/fontconfig/3f7329c5293ffd510edef78f73874cfd-le64.cache-4
7fe1a60f6000-7fe1a60f8000 r--s 00000000 08:01 10763059                   /var/cache/fontconfig/65f976e5259cbe6dc7697b8648396239-le64.cache-4
7fe1a60f8000-7fe1a6103000 r--s 00000000 08:01 10763090                   /var/cache/fontconfig/d589a48862398ed80a3d6066f4f56f4c-le64.cache-4
7fe1a6103000-7fe1a6107000 r--s 00000000 08:01 10763039                   /var/cache/fontconfig/246184dc75a16901ca37d96895904249-le64.cache-4
7fe1a6107000-7fe1a6108000 r--s 00000000 08:01 10763074                   /var/cache/fontconfig/94f7fe9bd33aadfac165873bd010d595-le64.cache-4
7fe1a6108000-7fe1a610a000 r--s 00000000 08:01 10763047                   /var/cache/fontconfig/423767150eb258c59035de29db6fca84-le64.cache-4
7fe1a610a000-7fe1a610b000 r--s 00000000 08:01 10763046                   /var/cache/fontconfig/406a1d2d2bf3ed7664fbadefac0b2f66-le64.cache-4
7fe1a610b000-7fe1a610d000 r--s 00000000 08:01 10763060                   /var/cache/fontconfig/67709b7835c0f764c1135060c9575660-le64.cache-4
7fe1a610d000-7fe1a611a000 r--s 00000000 08:01 10763023                   /var/cache/fontconfig/198d8fcf01c96d0cf813f74fd759bdb7-le64.cache-4
7fe1a611a000-7fe1a6125000 r--s 00000000 08:01 10763068                   /var/cache/fontconfig/83bf95040141907cd45bb53cf7c1c148-le64.cache-4
7fe1a6125000-7fe1a618d000 r--s 00000000 08:01 10763098                   /var/cache/fontconfig/eeebfc908bd29a90773fd860017aada4-le64.cache-4
7fe1a618d000-7fe1a61f5000 r--s 00000000 08:01 10763024                   /var/cache/fontconfig/21a99156bb11811cef641abeda519a45-le64.cache-4
7fe1a6d47000-7fe1a6db0000 r-xp 00000000 08:01 11541307                   /usr/lib/jvm/jdk-8-oracle-x64/jre/lib/amd64/libt2k.so
7fe1a6db0000-7fe1a6fb0000 ---p 00069000 08:01 11541307                   /usr/lib/jvm/jdk-8-oracle-x64/jre/lib/amd64/libt2k.so
7fe1a6fb0000-7fe1a6fb7000 rw-p 00069000 08:01 11541307                   /usr/lib/jvm/jdk-8-oracle-x64/jre/lib/amd64/libt2k.so
7fe1a6fb7000-7fe1a6fc7000 rw-p 00000000 00:00 0 
7fe1a6fc7000-7fe1a6fd8000 r-xp 00000000 08:01 11541501                   /usr/lib/jvm/jdk-8-oracle-x64/jre/lib/amd64/libnio.so
7fe1a6fd8000-7fe1a71d7000 ---p 00011000 08:01 11541501                   /usr/lib/jvm/jdk-8-oracle-x64/jre/lib/amd64/libnio.so
7fe1a71d7000-7fe1a71d8000 rw-p 00010000 08:01 11541501                   /usr/lib/jvm/jdk-8-oracle-x64/jre/lib/amd64/libnio.so
7fe1a71d8000-7fe1a71db000 r-xp 00000000 08:01 6032825                    /lib/x86_64-linux-gnu/libnss_myhostname.so.2
7fe1a71db000-7fe1a73da000 ---p 00003000 08:01 6032825                    /lib/x86_64-linux-gnu/libnss_myhostname.so.2
7fe1a73da000-7fe1a73db000 rw-p 00002000 08:01 6032825                    /lib/x86_64-linux-gnu/libnss_myhostname.so.2
7fe1a73db000-7fe1a73e6000 r-xp 00000000 08:01 6036105                    /lib/x86_64-linux-gnu/libnss_files-2.19.so
7fe1a73e6000-7fe1a75e5000 ---p 0000b000 08:01 6036105                    /lib/x86_64-linux-gnu/libnss_files-2.19.so
7fe1a75e5000-7fe1a75e6000 r--p 0000a000 08:01 6036105                    /lib/x86_64-linux-gnu/libnss_files-2.19.so
7fe1a75e6000-7fe1a75e7000 rw-p 0000b000 08:01 6036105                    /lib/x86_64-linux-gnu/libnss_files-2.19.so
7fe1a75e7000-7fe1a78e8000 rw-p 00000000 00:00 0 
7fe1a78e8000-7fe1a78fe000 r-xp 00000000 08:01 11541295                   /usr/lib/jvm/jdk-8-oracle-x64/jre/lib/amd64/libnet.so
7fe1a78fe000-7fe1a7afe000 ---p 00016000 08:01 11541295                   /usr/lib/jvm/jdk-8-oracle-x64/jre/lib/amd64/libnet.so
7fe1a7afe000-7fe1a7aff000 rw-p 00016000 08:01 11541295                   /usr/lib/jvm/jdk-8-oracle-x64/jre/lib/amd64/libnet.so
7fe1a7aff000-7fe1a7cff000 rw-p 00000000 00:00 0 
7fe1a7cff000-7fe1a7d02000 ---p 00000000 00:00 0 
7fe1a7d02000-7fe1a8000000 rw-p 00000000 00:00 0 
7fe1a8000000-7fe1a8021000 rw-p 00000000 00:00 0 
7fe1a8021000-7fe1ac000000 ---p 00000000 00:00 0 
7fe1ac000000-7fe1ac3fb000 rw-p 00000000 00:00 0 
7fe1ac3fb000-7fe1b0000000 ---p 00000000 00:00 0 
7fe1b0000000-7fe1b0021000 rw-p 00000000 00:00 0 
7fe1b0021000-7fe1b4000000 ---p 00000000 00:00 0 
7fe1b4000000-7fe1b4056000 rw-p 00000000 00:00 0 
7fe1b4056000-7fe1b8000000 ---p 00000000 00:00 0 
7fe1b8000000-7fe1b8021000 rw-p 00000000 00:00 0 
7fe1b8021000-7fe1bc000000 ---p 00000000 00:00 0 
7fe1bc000000-7fe1bc021000 rw-p 00000000 00:00 0 
7fe1bc021000-7fe1c0000000 ---p 00000000 00:00 0 
7fe1c0000000-7fe1c1066000 rw-p 00000000 00:00 0 
7fe1c1066000-7fe1c4000000 ---p 00000000 00:00 0 
7fe1c4000000-7fe1c47d1000 rw-p 00000000 00:00 0 
7fe1c47d1000-7fe1c8000000 ---p 00000000 00:00 0 
7fe1c8000000-7fe1c8021000 rw-p 00000000 00:00 0 
7fe1c8021000-7fe1cc000000 ---p 00000000 00:00 0 
7fe1cc000000-7fe1cc003000 r--s 00000000 08:01 10763065                   /var/cache/fontconfig/75114ca45c98e8a441da0ff356701271-le64.cache-4
7fe1cc003000-7fe1cc005000 r--s 00000000 08:01 10763063                   /var/cache/fontconfig/6e6b34ae150a7ad95e82fb4a522f0bda-le64.cache-4
7fe1cc005000-7fe1cc00c000 r--s 00000000 08:01 10763054                   /var/cache/fontconfig/53d14c92082a93e67d5078324eb314ca-le64.cache-4
7fe1cc00c000-7fe1cc01f000 r--s 00000000 08:01 10763051                   /var/cache/fontconfig/4ac51e5cfbc76fc3f983e470323a16d3-le64.cache-4
7fe1cc01f000-7fe1cc024000 r--s 00000000 08:01 10763044                   /var/cache/fontconfig/3629f2adf904f9a612908891fae71ceb-le64.cache-4
7fe1cc024000-7fe1cc03d000 r--s 00000000 08:01 10763085                   /var/cache/fontconfig/cabbd14511b9e8a55e92af97fb3a0461-le64.cache-4
7fe1cc03d000-7fe1cc05e000 r--s 00000000 08:01 10763095                   /var/cache/fontconfig/e13b20fdb08344e0e664864cc2ede53d-le64.cache-4
7fe1cc05e000-7fe1cc07c000 r--s 00000000 08:01 10762114                   /var/cache/fontconfig/467c019e582ee353435ea5c21d137ef6-le64.cache-4
7fe1cc07c000-7fe1cc07f000 ---p 00000000 00:00 0 
7fe1cc07f000-7fe1cc17d000 rw-p 00000000 00:00 0 
7fe1cc17d000-7fe1cc17e000 r--s 00000000 08:01 10760846                   /var/cache/fontconfig/087e1975ba9a574b140bb1df193bf770-le64.cache-4
7fe1cc17e000-7fe1cc18c000 r--s 00000000 08:01 10762851                   /var/cache/fontconfig/6aa41aa22e18b8fa06a12da28ea9c28b-le64.cache-4
7fe1cc18c000-7fe1cc197000 r--s 00000000 08:01 10763073                   /var/cache/fontconfig/945677eb7aeaf62f1d50efc3fb3ec7d8-le64.cache-4
7fe1cc197000-7fe1cc19a000 r--s 00000000 08:01 10763100                   /var/cache/fontconfig/f24b2111ab8703b4e963115a8cf14259-le64.cache-4
7fe1cc19a000-7fe1cc19e000 r--s 00000000 08:01 10763062                   /var/cache/fontconfig/6d41288fd70b0be22e8c3a91e032eec0-le64.cache-4
7fe1cc19e000-7fe1cc19f000 r--s 00000000 08:01 10763076                   /var/cache/fontconfig/9c956a7723ca69a44b382d9179c9802f-le64.cache-4
7fe1cc19f000-7fe1cc1a0000 r--s 00000000 08:01 10763072                   /var/cache/fontconfig/9451a55048e8dbe8633e64d34165fdf2-le64.cache-4
7fe1cc1a0000-7fe1cc1a1000 r--s 00000000 08:01 10762989                   /var/cache/fontconfig/4794a0821666d79190d59a36cb4f44b5-le64.cache-4
7fe1cc1a1000-7fe1cc1a2000 r--s 00000000 08:01 10763077                   /var/cache/fontconfig/9eae20f1ff8cc0a7d125749e875856bd-le64.cache-4
7fe1cc1a2000-7fe1cc1b4000 r--s 00000000 08:01 10755904                   /var/cache/fontconfig/0bd3dc0958fa2205aaaa8ebb13e2872b-le64.cache-4
7fe1cc1b4000-7fe1cc1b6000 r--s 00000000 08:01 10763079                   /var/cache/fontconfig/bf2c1853a9e9b00bb02fe2e9bcf1e201-le64.cache-4
7fe1cc1b6000-7fe1cc1ba000 r--s 00000000 08:01 10763083                   /var/cache/fontconfig/c57959a16110560c8d0fcea73374aeeb-le64.cache-4
7fe1cc1ba000-7fe1cc1c1000 r--s 00000000 08:01 10763042                   /var/cache/fontconfig/3047814df9a2f067bd2d96a2b9c36e5a-le64.cache-4
7fe1cc1c1000-7fe1cc1c9000 r--s 00000000 08:01 10763080                   /var/cache/fontconfig/bf3b770c553c462765856025a94f1ce6-le64.cache-4
7fe1cc1c9000-7fe1cc1dc000 r--s 00000000 08:01 10763089                   /var/cache/fontconfig/d52a8644073d54c13679302ca1180695-le64.cache-4
7fe1cc1dc000-7fe1cc1dd000 r--s 00000000 08:01 10763043                   /var/cache/fontconfig/3334a778d104e76d188e9df399bc24d2-le64.cache-4
7fe1cc1dd000-7fe1cc1de000 r--s 00000000 08:01 10761769                   /var/cache/fontconfig/c277e94e32b20404286a1ddafa5a80f0-le64.cache-4
7fe1cc1de000-7fe1cc1df000 r--s 00000000 08:01 10763057                   /var/cache/fontconfig/62f91419b9ebdb6975e7e41ab6412357-le64.cache-4
7fe1cc1df000-7fe1cc1e2000 r--s 00000000 08:01 10763092                   /var/cache/fontconfig/de83a0a961185c8bd1f159015d56c039-le64.cache-4
7fe1cc1e2000-7fe1cc1e4000 r--s 00000000 08:01 10763067                   /var/cache/fontconfig/7ef2298fde41cc6eeb7af42e48b7d293-le64.cache-4
7fe1cc1e4000-7fe1cc1e6000 r--s 00000000 08:01 10763048                   /var/cache/fontconfig/452f1fac34b224105d7acfae3034bcd5-le64.cache-4
7fe1cc1e6000-7fe1cc1e8000 r--s 00000000 08:01 10760990                   /var/cache/fontconfig/16326683038b281783a0ef8c680e3a10-le64.cache-4
7fe1cc1e8000-7fe1cc1f5000 r--s 00000000 08:01 10777344                   /var/cache/fontconfig/8f02d4cb045bd6ce15663e43f347c9f8-le64.cache-4
7fe1cc1f5000-7fe1cc1f6000 r--s 00000000 08:01 10778422                   /var/cache/fontconfig/e0aa53bcfa504e64f87823c16bc01eb6-le64.cache-4
7fe1cc216000-7fe1cc217000 rw-p 00000000 00:00 0 
7fe1cc217000-7fe1cc21a000 ---p 00000000 00:00 0 
7fe1cc21a000-7fe1cc318000 rw-p 00000000 00:00 0 
7fe1cc318000-7fe1cc31b000 ---p 00000000 00:00 0 
7fe1cc31b000-7fe1cc419000 rw-p 00000000 00:00 0 
7fe1cc419000-7fe1cc41c000 ---p 00000000 00:00 0 
7fe1cc41c000-7fe1cc51a000 rw-p 00000000 00:00 0 
7fe1cc51a000-7fe1cc51f000 r-xp 00000000 08:01 10885102                   /usr/lib/x86_64-linux-gnu/libXfixes.so.3.1.0
7fe1cc51f000-7fe1cc71e000 ---p 00005000 08:01 10885102                   /usr/lib/x86_64-linux-gnu/libXfixes.so.3.1.0
7fe1cc71e000-7fe1cc71f000 r--p 00004000 08:01 10885102                   /usr/lib/x86_64-linux-gnu/libXfixes.so.3.1.0
7fe1cc71f000-7fe1cc720000 rw-p 00005000 08:01 10885102                   /usr/lib/x86_64-linux-gnu/libXfixes.so.3.1.0
7fe1cc720000-7fe1cc72a000 r-xp 00000000 08:01 10885094                   /usr/lib/x86_64-linux-gnu/libXcursor.so.1.0.2
7fe1cc72a000-7fe1cc929000 ---p 0000a000 08:01 10885094                   /usr/lib/x86_64-linux-gnu/libXcursor.so.1.0.2
7fe1cc929000-7fe1cc92a000 r--p 00009000 08:01 10885094                   /usr/lib/x86_64-linux-gnu/libXcursor.so.1.0.2
7fe1cc92a000-7fe1cc92b000 rw-p 0000a000 08:01 10885094                   /usr/lib/x86_64-linux-gnu/libXcursor.so.1.0.2
7fe1cc92b000-7fe1cc941000 r-xp 00000000 08:01 6032788                    /lib/x86_64-linux-gnu/libgcc_s.so.1
7fe1cc941000-7fe1ccb40000 ---p 00016000 08:01 6032788                    /lib/x86_64-linux-gnu/libgcc_s.so.1
7fe1ccb40000-7fe1ccb41000 rw-p 00015000 08:01 6032788                    /lib/x86_64-linux-gnu/libgcc_s.so.1
7fe1ccb41000-7fe1ccba6000 r-xp 00000000 08:01 11541262                   /usr/lib/jvm/jdk-8-oracle-x64/jre/lib/amd64/libfontmanager.so
7fe1ccba6000-7fe1ccda5000 ---p 00065000 08:01 11541262                   /usr/lib/jvm/jdk-8-oracle-x64/jre/lib/amd64/libfontmanager.so
7fe1ccda5000-7fe1ccdaa000 rw-p 00064000 08:01 11541262                   /usr/lib/jvm/jdk-8-oracle-x64/jre/lib/amd64/libfontmanager.so
7fe1ccdaa000-7fe1ccdba000 rw-p 00000000 00:00 0 
7fe1ccdba000-7fe1ccdbf000 r-xp 00000000 08:01 10885098                   /usr/lib/x86_64-linux-gnu/libXdmcp.so.6.0.0
7fe1ccdbf000-7fe1ccfbe000 ---p 00005000 08:01 10885098                   /usr/lib/x86_64-linux-gnu/libXdmcp.so.6.0.0
7fe1ccfbe000-7fe1ccfbf000 rw-p 00004000 08:01 10885098                   /usr/lib/x86_64-linux-gnu/libXdmcp.so.6.0.0
7fe1ccfbf000-7fe1d4000000 r--p 00000000 08:01 10764127                   /usr/lib/locale/locale-archive
7fe1d4000000-7fe1d4021000 rw-p 00000000 00:00 0 
7fe1d4021000-7fe1d8000000 ---p 00000000 00:00 0 
7fe1d8000000-7fe1d8021000 rw-p 00000000 00:00 0 
7fe1d8021000-7fe1dc000000 ---p 00000000 00:00 0 
7fe1dc000000-7fe1dc021000 rw-p 00000000 00:00 0 
7fe1dc021000-7fe1e0000000 ---p 00000000 00:00 0 
7fe1e0000000-7fe1e0021000 rw-p 00000000 00:00 0 
7fe1e0021000-7fe1e4000000 ---p 00000000 00:00 0 
7fe1e4000000-7fe1e4021000 rw-p 00000000 00:00 0 
7fe1e4021000-7fe1e8000000 ---p 00000000 00:00 0 
7fe1e8000000-7fe1e8003000 r--s 00000000 08:01 10762965                   /var/cache/fontconfig/14d493b97896515cad3840ba4896e372-le64.cache-4
7fe1e8003000-7fe1e8004000 r--s 00000000 08:01 10763069                   /var/cache/fontconfig/89034621ae2a8922916bb6bfa5799546-le64.cache-4
7fe1e8004000-7fe1e8007000 r--s 00000000 08:01 10763096                   /var/cache/fontconfig/e49e89034d371f0f9de17aab02136486-le64.cache-4
7fe1e8007000-7fe1e8009000 r--s 00000000 08:01 10763052                   /var/cache/fontconfig/4b14b093aebc79c320de5e86ae1d3314-le64.cache-4
7fe1e8009000-7fe1e800a000 r--s 00000000 08:01 10761084                   /var/cache/fontconfig/8a687c406b77f27d99abfeeba937fcce-le64.cache-4
7fe1e800a000-7fe1e800f000 r--s 00000000 08:01 10763066                   /var/cache/fontconfig/75ad6aa2358a85f0de2c8ee4837e8227-le64.cache-4
7fe1e800f000-7fe1e8017000 r--s 00000000 08:01 10756093                   /var/cache/fontconfig/105b9c7e6f0a4f82d8c9b6e39c52c6f9-le64.cache-4
7fe1e8017000-7fe1e8021000 r--s 00000000 08:01 10760777                   /var/cache/fontconfig/3f7329c5293ffd510edef78f73874cfd-le64.cache-4
7fe1e8021000-7fe1e8023000 r--s 00000000 08:01 10763059                   /var/cache/fontconfig/65f976e5259cbe6dc7697b8648396239-le64.cache-4
7fe1e8023000-7fe1e802e000 r--s 00000000 08:01 10763090                   /var/cache/fontconfig/d589a48862398ed80a3d6066f4f56f4c-le64.cache-4
7fe1e802e000-7fe1e8032000 r--s 00000000 08:01 10763039                   /var/cache/fontconfig/246184dc75a16901ca37d96895904249-le64.cache-4
7fe1e8032000-7fe1e8034000 r--s 00000000 08:01 10763047                   /var/cache/fontconfig/423767150eb258c59035de29db6fca84-le64.cache-4
7fe1e8034000-7fe1e8036000 r--s 00000000 08:01 10763060                   /var/cache/fontconfig/67709b7835c0f764c1135060c9575660-le64.cache-4
7fe1e8036000-7fe1e8043000 r--s 00000000 08:01 10763023                   /var/cache/fontconfig/198d8fcf01c96d0cf813f74fd759bdb7-le64.cache-4
7fe1e8043000-7fe1e8046000 r--s 00000000 08:01 10763065                   /var/cache/fontconfig/75114ca45c98e8a441da0ff356701271-le64.cache-4
7fe1e8046000-7fe1e8051000 r--s 00000000 08:01 10763068                   /var/cache/fontconfig/83bf95040141907cd45bb53cf7c1c148-le64.cache-4
7fe1e8051000-7fe1e8058000 r--s 00000000 08:01 10763054                   /var/cache/fontconfig/53d14c92082a93e67d5078324eb314ca-le64.cache-4
7fe1e8058000-7fe1e806b000 r--s 00000000 08:01 10763051                   /var/cache/fontconfig/4ac51e5cfbc76fc3f983e470323a16d3-le64.cache-4
7fe1e806b000-7fe1e8084000 r--s 00000000 08:01 10763085                   /var/cache/fontconfig/cabbd14511b9e8a55e92af97fb3a0461-le64.cache-4
7fe1e8084000-7fe1e80ec000 r--s 00000000 08:01 10763098                   /var/cache/fontconfig/eeebfc908bd29a90773fd860017aada4-le64.cache-4
7fe1e80ec000-7fe1e80ef000 r-xp 00000000 08:01 10885084                   /usr/lib/x86_64-linux-gnu/libXau.so.6.0.0
7fe1e80ef000-7fe1e82ee000 ---p 00003000 08:01 10885084                   /usr/lib/x86_64-linux-gnu/libXau.so.6.0.0
7fe1e82ee000-7fe1e82ef000 r--p 00002000 08:01 10885084                   /usr/lib/x86_64-linux-gnu/libXau.so.6.0.0
7fe1e82ef000-7fe1e82f0000 rw-p 00003000 08:01 10885084                   /usr/lib/x86_64-linux-gnu/libXau.so.6.0.0
7fe1e82f0000-7fe1e8311000 r-xp 00000000 08:01 10886572                   /usr/lib/x86_64-linux-gnu/libxcb.so.1.1.0
7fe1e8311000-7fe1e8510000 ---p 00021000 08:01 10886572                   /usr/lib/x86_64-linux-gnu/libxcb.so.1.1.0
7fe1e8510000-7fe1e8511000 r--p 00020000 08:01 10886572                   /usr/lib/x86_64-linux-gnu/libxcb.so.1.1.0
7fe1e8511000-7fe1e8512000 rw-p 00021000 08:01 10886572                   /usr/lib/x86_64-linux-gnu/libxcb.so.1.1.0
7fe1e8512000-7fe1e8521000 r-xp 00000000 08:01 10885108                   /usr/lib/x86_64-linux-gnu/libXi.so.6.1.0
7fe1e8521000-7fe1e8720000 ---p 0000f000 08:01 10885108                   /usr/lib/x86_64-linux-gnu/libXi.so.6.1.0
7fe1e8720000-7fe1e8721000 r--p 0000e000 08:01 10885108                   /usr/lib/x86_64-linux-gnu/libXi.so.6.1.0
7fe1e8721000-7fe1e8722000 rw-p 0000f000 08:01 10885108                   /usr/lib/x86_64-linux-gnu/libXi.so.6.1.0
7fe1e8722000-7fe1e8727000 r-xp 00000000 08:01 10885126                   /usr/lib/x86_64-linux-gnu/libXtst.so.6.1.0
7fe1e8727000-7fe1e8926000 ---p 00005000 08:01 10885126                   /usr/lib/x86_64-linux-gnu/libXtst.so.6.1.0
7fe1e8926000-7fe1e8927000 r--p 00004000 08:01 10885126                   /usr/lib/x86_64-linux-gnu/libXtst.so.6.1.0
7fe1e8927000-7fe1e8928000 rw-p 00005000 08:01 10885126                   /usr/lib/x86_64-linux-gnu/libXtst.so.6.1.0
7fe1e8928000-7fe1e8931000 r-xp 00000000 08:01 10885120                   /usr/lib/x86_64-linux-gnu/libXrender.so.1.3.0
7fe1e8931000-7fe1e8b30000 ---p 00009000 08:01 10885120                   /usr/lib/x86_64-linux-gnu/libXrender.so.1.3.0
7fe1e8b30000-7fe1e8b31000 r--p 00008000 08:01 10885120                   /usr/lib/x86_64-linux-gnu/libXrender.so.1.3.0
7fe1e8b31000-7fe1e8b32000 rw-p 00009000 08:01 10885120                   /usr/lib/x86_64-linux-gnu/libXrender.so.1.3.0
7fe1e8b32000-7fe1e8c6e000 r-xp 00000000 08:01 10885080                   /usr/lib/x86_64-linux-gnu/libX11.so.6.3.0
7fe1e8c6e000-7fe1e8e6d000 ---p 0013c000 08:01 10885080                   /usr/lib/x86_64-linux-gnu/libX11.so.6.3.0
7fe1e8e6d000-7fe1e8e6f000 r--p 0013b000 08:01 10885080                   /usr/lib/x86_64-linux-gnu/libX11.so.6.3.0
7fe1e8e6f000-7fe1e8e74000 rw-p 0013d000 08:01 10885080                   /usr/lib/x86_64-linux-gnu/libX11.so.6.3.0
7fe1e8e74000-7fe1e8e75000 rw-p 00000000 00:00 0 
7fe1e8e75000-7fe1e8e86000 r-xp 00000000 08:01 10885100                   /usr/lib/x86_64-linux-gnu/libXext.so.6.4.0
7fe1e8e86000-7fe1e9085000 ---p 00011000 08:01 10885100                   /usr/lib/x86_64-linux-gnu/libXext.so.6.4.0
7fe1e9085000-7fe1e9086000 r--p 00010000 08:01 10885100                   /usr/lib/x86_64-linux-gnu/libXext.so.6.4.0
7fe1e9086000-7fe1e9087000 rw-p 00011000 08:01 10885100                   /usr/lib/x86_64-linux-gnu/libXext.so.6.4.0
7fe1e9087000-7fe1e90db000 r-xp 00000000 08:01 11541253                   /usr/lib/jvm/jdk-8-oracle-x64/jre/lib/amd64/libawt_xawt.so
7fe1e90db000-7fe1e92db000 ---p 00054000 08:01 11541253                   /usr/lib/jvm/jdk-8-oracle-x64/jre/lib/amd64/libawt_xawt.so
7fe1e92db000-7fe1e92df000 rw-p 00054000 08:01 11541253                   /usr/lib/jvm/jdk-8-oracle-x64/jre/lib/amd64/libawt_xawt.so
7fe1e92df000-7fe1ed000000 rw-p 00000000 00:00 0 
7fe1ed000000-7fe1ed640000 rwxp 00000000 00:00 0 
7fe1ed640000-7fe1fc000000 ---p 00000000 00:00 0 
7fe1fc000000-7fe1fc30f000 rw-p 00000000 00:00 0 
7fe1fc30f000-7fe200000000 ---p 00000000 00:00 0 
7fe200000000-7fe200021000 r--s 00000000 08:01 10763095                   /var/cache/fontconfig/e13b20fdb08344e0e664864cc2ede53d-le64.cache-4
7fe200021000-7fe200089000 r--s 00000000 08:01 10763024                   /var/cache/fontconfig/21a99156bb11811cef641abeda519a45-le64.cache-4
7fe200089000-7fe2000a7000 r--s 00000000 08:01 10762114                   /var/cache/fontconfig/467c019e582ee353435ea5c21d137ef6-le64.cache-4
7fe2000a7000-7fe2000aa000 ---p 00000000 00:00 0 
7fe2000aa000-7fe2001a8000 rw-p 00000000 00:00 0 
7fe2001a8000-7fe20024a000 r-xp 00000000 08:01 11541249                   /usr/lib/jvm/jdk-8-oracle-x64/jre/lib/amd64/libawt.so
7fe20024a000-7fe20044a000 ---p 000a2000 08:01 11541249                   /usr/lib/jvm/jdk-8-oracle-x64/jre/lib/amd64/libawt.so
7fe20044a000-7fe200456000 rw-p 000a2000 08:01 11541249                   /usr/lib/jvm/jdk-8-oracle-x64/jre/lib/amd64/libawt.so
7fe200456000-7fe20047a000 rw-p 00000000 00:00 0 
7fe20047a000-7fe20047b000 ---p 00000000 00:00 0 
7fe20047b000-7fe20057b000 rw-p 00000000 00:00 0 
7fe20057b000-7fe20057e000 ---p 00000000 00:00 0 
7fe20057e000-7fe20067c000 rw-p 00000000 00:00 0 
7fe20067c000-7fe20067f000 ---p 00000000 00:00 0 
7fe20067f000-7fe20077d000 rw-p 00000000 00:00 0 
7fe20077d000-7fe200780000 ---p 00000000 00:00 0 
7fe200780000-7fe20087e000 rw-p 00000000 00:00 0 
7fe20087e000-7fe200881000 ---p 00000000 00:00 0 
7fe200881000-7fe20097f000 rw-p 00000000 00:00 0 
7fe20097f000-7fe200982000 ---p 00000000 00:00 0 
7fe200982000-7fe200a80000 rw-p 00000000 00:00 0 
7fe200a80000-7fe200a83000 ---p 00000000 00:00 0 
7fe200a83000-7fe200b81000 rw-p 00000000 00:00 0 
7fe200b81000-7fe200b82000 ---p 00000000 00:00 0 
7fe200b82000-7fe20161c000 rw-p 00000000 00:00 0 
7fe20161c000-7fe2017f5000 r--s 03d3e000 08:01 11541236                   /usr/lib/jvm/jdk-8-oracle-x64/jre/lib/rt.jar
7fe2017f5000-7fe20243d000 rw-p 00000000 00:00 0 
7fe20243d000-7fe20243e000 ---p 00000000 00:00 0 
7fe20243e000-7fe20253e000 rw-p 00000000 00:00 0 
7fe20253e000-7fe20253f000 ---p 00000000 00:00 0 
7fe20253f000-7fe202669000 rw-p 00000000 00:00 0 
7fe202669000-7fe2028cb000 ---p 00000000 00:00 0 
7fe2028cb000-7fe2028f5000 rw-p 00000000 00:00 0 
7fe2028f5000-7fe202b57000 ---p 00000000 00:00 0 
7fe202b57000-7fe202b7b000 rw-p 00000000 00:00 0 
7fe202b7b000-7fe202c9d000 ---p 00000000 00:00 0 
7fe202c9d000-7fe202cb7000 rw-p 00000000 00:00 0 
7fe202cb7000-7fe20305e000 ---p 00000000 00:00 0 
7fe20305e000-7fe203078000 r-xp 00000000 08:01 11541633                   /usr/lib/jvm/jdk-8-oracle-x64/jre/lib/amd64/libzip.so
7fe203078000-7fe203278000 ---p 0001a000 08:01 11541633                   /usr/lib/jvm/jdk-8-oracle-x64/jre/lib/amd64/libzip.so
7fe203278000-7fe203279000 rw-p 0001a000 08:01 11541633                   /usr/lib/jvm/jdk-8-oracle-x64/jre/lib/amd64/libzip.so
7fe203279000-7fe2032a4000 r-xp 00000000 08:01 11541274                   /usr/lib/jvm/jdk-8-oracle-x64/jre/lib/amd64/libjava.so
7fe2032a4000-7fe2034a3000 ---p 0002b000 08:01 11541274                   /usr/lib/jvm/jdk-8-oracle-x64/jre/lib/amd64/libjava.so
7fe2034a3000-7fe2034a5000 rw-p 0002a000 08:01 11541274                   /usr/lib/jvm/jdk-8-oracle-x64/jre/lib/amd64/libjava.so
7fe2034a5000-7fe2034b2000 r-xp 00000000 08:01 11541309                   /usr/lib/jvm/jdk-8-oracle-x64/jre/lib/amd64/libverify.so
7fe2034b2000-7fe2036b1000 ---p 0000d000 08:01 11541309                   /usr/lib/jvm/jdk-8-oracle-x64/jre/lib/amd64/libverify.so
7fe2036b1000-7fe2036b3000 rw-p 0000c000 08:01 11541309                   /usr/lib/jvm/jdk-8-oracle-x64/jre/lib/amd64/libverify.so
7fe2036b3000-7fe2036ba000 r-xp 00000000 08:01 6036108                    /lib/x86_64-linux-gnu/librt-2.19.so
7fe2036ba000-7fe2038b9000 ---p 00007000 08:01 6036108                    /lib/x86_64-linux-gnu/librt-2.19.so
7fe2038b9000-7fe2038ba000 r--p 00006000 08:01 6036108                    /lib/x86_64-linux-gnu/librt-2.19.so
7fe2038ba000-7fe2038bb000 rw-p 00007000 08:01 6036108                    /lib/x86_64-linux-gnu/librt-2.19.so
7fe2038bb000-7fe2039bb000 r-xp 00000000 08:01 6036102                    /lib/x86_64-linux-gnu/libm-2.19.so
7fe2039bb000-7fe203bba000 ---p 00100000 08:01 6036102                    /lib/x86_64-linux-gnu/libm-2.19.so
7fe203bba000-7fe203bbb000 r--p 000ff000 08:01 6036102                    /lib/x86_64-linux-gnu/libm-2.19.so
7fe203bbb000-7fe203bbc000 rw-p 00100000 08:01 6036102                    /lib/x86_64-linux-gnu/libm-2.19.so
7fe203bbc000-7fe20488a000 r-xp 00000000 08:01 11541635                   /usr/lib/jvm/jdk-8-oracle-x64/jre/lib/amd64/server/libjvm.so
7fe20488a000-7fe204a8a000 ---p 00cce000 08:01 11541635                   /usr/lib/jvm/jdk-8-oracle-x64/jre/lib/amd64/server/libjvm.so
7fe204a8a000-7fe204b63000 rw-p 00cce000 08:01 11541635                   /usr/lib/jvm/jdk-8-oracle-x64/jre/lib/amd64/server/libjvm.so
7fe204b63000-7fe204bae000 rw-p 00000000 00:00 0 
7fe204bae000-7fe204d4f000 r-xp 00000000 08:01 6032750                    /lib/x86_64-linux-gnu/libc-2.19.so
7fe204d4f000-7fe204f4f000 ---p 001a1000 08:01 6032750                    /lib/x86_64-linux-gnu/libc-2.19.so
7fe204f4f000-7fe204f53000 r--p 001a1000 08:01 6032750                    /lib/x86_64-linux-gnu/libc-2.19.so
7fe204f53000-7fe204f55000 rw-p 001a5000 08:01 6032750                    /lib/x86_64-linux-gnu/libc-2.19.so
7fe204f55000-7fe204f59000 rw-p 00000000 00:00 0 
7fe204f59000-7fe204f5c000 r-xp 00000000 08:01 6036101                    /lib/x86_64-linux-gnu/libdl-2.19.so
7fe204f5c000-7fe20515b000 ---p 00003000 08:01 6036101                    /lib/x86_64-linux-gnu/libdl-2.19.so
7fe20515b000-7fe20515c000 r--p 00002000 08:01 6036101                    /lib/x86_64-linux-gnu/libdl-2.19.so
7fe20515c000-7fe20515d000 rw-p 00003000 08:01 6036101                    /lib/x86_64-linux-gnu/libdl-2.19.so
7fe20515d000-7fe205172000 r-xp 00000000 08:01 11541311                   /usr/lib/jvm/jdk-8-oracle-x64/jre/lib/amd64/jli/libjli.so
7fe205172000-7fe205372000 ---p 00015000 08:01 11541311                   /usr/lib/jvm/jdk-8-oracle-x64/jre/lib/amd64/jli/libjli.so
7fe205372000-7fe205373000 rw-p 00015000 08:01 11541311                   /usr/lib/jvm/jdk-8-oracle-x64/jre/lib/amd64/jli/libjli.so
7fe205373000-7fe20538b000 r-xp 00000000 08:01 6033556                    /lib/x86_64-linux-gnu/libpthread-2.19.so
7fe20538b000-7fe20558a000 ---p 00018000 08:01 6033556                    /lib/x86_64-linux-gnu/libpthread-2.19.so
7fe20558a000-7fe20558b000 r--p 00017000 08:01 6033556                    /lib/x86_64-linux-gnu/libpthread-2.19.so
7fe20558b000-7fe20558c000 rw-p 00018000 08:01 6033556                    /lib/x86_64-linux-gnu/libpthread-2.19.so
7fe20558c000-7fe205590000 rw-p 00000000 00:00 0 
7fe205590000-7fe2055b1000 r-xp 00000000 08:01 6036096                    /lib/x86_64-linux-gnu/ld-2.19.so
7fe2055b1000-7fe2055b2000 r--s 00000000 08:01 10763074                   /var/cache/fontconfig/94f7fe9bd33aadfac165873bd010d595-le64.cache-4
7fe2055b2000-7fe2055b4000 r--s 00000000 08:01 10763063                   /var/cache/fontconfig/6e6b34ae150a7ad95e82fb4a522f0bda-le64.cache-4
7fe2055b4000-7fe2055b9000 r--s 00000000 08:01 10763044                   /var/cache/fontconfig/3629f2adf904f9a612908891fae71ceb-le64.cache-4
7fe2055b9000-7fe20565d000 rw-p 00000000 00:00 0 
7fe20565d000-7fe205660000 ---p 00000000 00:00 0 
7fe205660000-7fe205762000 rw-p 00000000 00:00 0 
7fe205762000-7fe205763000 r--s 00000000 08:01 10763046                   /var/cache/fontconfig/406a1d2d2bf3ed7664fbadefac0b2f66-le64.cache-4
7fe205763000-7fe205764000 r--s 00000000 08:01 10763043                   /var/cache/fontconfig/3334a778d104e76d188e9df399bc24d2-le64.cache-4
7fe205764000-7fe205765000 r--s 00000000 08:01 10761769                   /var/cache/fontconfig/c277e94e32b20404286a1ddafa5a80f0-le64.cache-4
7fe205765000-7fe205766000 r--s 00000000 08:01 10763057                   /var/cache/fontconfig/62f91419b9ebdb6975e7e41ab6412357-le64.cache-4
7fe205766000-7fe205769000 r--s 00000000 08:01 10763092                   /var/cache/fontconfig/de83a0a961185c8bd1f159015d56c039-le64.cache-4
7fe205769000-7fe20576b000 r--s 00000000 08:01 10763067                   /var/cache/fontconfig/7ef2298fde41cc6eeb7af42e48b7d293-le64.cache-4
7fe20576b000-7fe20576d000 r--s 00000000 08:01 10763048                   /var/cache/fontconfig/452f1fac34b224105d7acfae3034bcd5-le64.cache-4
7fe20576d000-7fe20576f000 r--s 00000000 08:01 10760990                   /var/cache/fontconfig/16326683038b281783a0ef8c680e3a10-le64.cache-4
7fe20576f000-7fe20577c000 r--s 00000000 08:01 10777344                   /var/cache/fontconfig/8f02d4cb045bd6ce15663e43f347c9f8-le64.cache-4
7fe20577c000-7fe20577d000 r--s 00000000 08:01 10778422                   /var/cache/fontconfig/e0aa53bcfa504e64f87823c16bc01eb6-le64.cache-4
7fe20577d000-7fe2057a4000 rw-p 00000000 00:00 0 
7fe2057a4000-7fe2057ac000 rw-s 00000000 08:01 12846960                   /tmp/hsperfdata_lyona/28736
7fe2057ac000-7fe2057ad000 rw-p 00000000 00:00 0 
7fe2057ad000-7fe2057ae000 ---p 00000000 00:00 0 
7fe2057ae000-7fe2057b0000 rw-p 00000000 00:00 0 
7fe2057b0000-7fe2057b1000 r--p 00020000 08:01 6036096                    /lib/x86_64-linux-gnu/ld-2.19.so
7fe2057b1000-7fe2057b2000 rw-p 00021000 08:01 6036096                    /lib/x86_64-linux-gnu/ld-2.19.so
7fe2057b2000-7fe2057b3000 rw-p 00000000 00:00 0 
7ffc8baba000-7ffc8bbdb000 rw-p 00000000 00:00 0                          [stack]
7ffc8bbe2000-7ffc8bbe4000 r--p 00000000 00:00 0                          [vvar]
7ffc8bbe4000-7ffc8bbe6000 r-xp 00000000 00:00 0                          [vdso]
ffffffffff600000-ffffffffff601000 r-xp 00000000 00:00 0                  [vsyscall]

VM Arguments:
jvm_args: -Dfile.encoding=UTF-8 
java_command: ile.interdite.Controleur
java_class_path (initial): /users/info/etu-s2/lyona/NetBeansProjects/ILE-INTERDITE/ILe interdite git/ile-interdite-2/build/classes
Launcher Type: SUN_STANDARD

Environment Variables:
PATH=/users/info/etu-s2/lyona/local/bin:/usr/local/bin:/usr/bin:/bin:/usr/local/games:/usr/games:/users/info/pub/bin
LD_LIBRARY_PATH=/usr/lib/jvm/jdk-8-oracle-x64/jre/lib/amd64:/usr/lib/jvm/jdk-8-oracle-x64/jre/lib/i386:
SHELL=/bin/bash
DISPLAY=193.55.51.227:89

Signal Handlers:
SIGSEGV: [libjvm.so+0xac78c0], sa_mask[0]=11111111011111111101111111111110, sa_flags=SA_RESTART|SA_SIGINFO
SIGBUS: [libjvm.so+0xac78c0], sa_mask[0]=11111111011111111101111111111110, sa_flags=SA_RESTART|SA_SIGINFO
SIGFPE: [libjvm.so+0x920ac0], sa_mask[0]=11111111011111111101111111111110, sa_flags=SA_RESTART|SA_SIGINFO
SIGPIPE: [libjvm.so+0x920ac0], sa_mask[0]=11111111011111111101111111111110, sa_flags=SA_RESTART|SA_SIGINFO
SIGXFSZ: [libjvm.so+0x920ac0], sa_mask[0]=11111111011111111101111111111110, sa_flags=SA_RESTART|SA_SIGINFO
SIGILL: [libjvm.so+0x920ac0], sa_mask[0]=11111111011111111101111111111110, sa_flags=SA_RESTART|SA_SIGINFO
SIGUSR1: SIG_DFL, sa_mask[0]=00000000000000000000000000000000, sa_flags=none
SIGUSR2: [libjvm.so+0x922300], sa_mask[0]=00100000000000000000000000000000, sa_flags=SA_RESTART|SA_SIGINFO
SIGHUP: [libjvm.so+0x923700], sa_mask[0]=11111111011111111101111111111110, sa_flags=SA_RESTART|SA_SIGINFO
SIGINT: SIG_IGN, sa_mask[0]=00000000000000000000000000000000, sa_flags=none
SIGTERM: [libjvm.so+0x923700], sa_mask[0]=11111111011111111101111111111110, sa_flags=SA_RESTART|SA_SIGINFO
SIGQUIT: [libjvm.so+0x923700], sa_mask[0]=11111111011111111101111111111110, sa_flags=SA_RESTART|SA_SIGINFO


---------------  S Y S T E M  ---------------

OS:PRETTY_NAME="Debian GNU/Linux 8 (jessie)"
NAME="Debian GNU/Linux"
VERSION_ID="8"
VERSION="8 (jessie)"
ID=debian
HOME_URL="http://www.debian.org/"
SUPPORT_URL="http://www.debian.org/support"
BUG_REPORT_URL="https://bugs.debian.org/"

uname:Linux 4.9.0-3-amd64 #1 SMP Debian 4.9.30-2+deb9u1 (2017-06-18) x86_64
libc:glibc 2.19 NPTL 2.19 
rlimit: STACK 8192k, CORE 0k, NPROC 31208, NOFILE 65536, AS infinity
load average:154,98 96,54 46,98

/proc/meminfo:
MemTotal:        8011000 kB
MemFree:          803964 kB
MemAvailable:     769068 kB
Buffers:            2996 kB
Cached:           190080 kB
SwapCached:        13216 kB
Active:          5995724 kB
Inactive:         896308 kB
Active(anon):    5917168 kB
Inactive(anon):   804804 kB
Active(file):      78556 kB
Inactive(file):    91504 kB
Unevictable:          64 kB
Mlocked:              64 kB
SwapTotal:       1048572 kB
SwapFree:         122032 kB
Dirty:               132 kB
Writeback:             0 kB
AnonPages:       6685984 kB
Mapped:           100888 kB
Shmem:             23064 kB
Slab:             113304 kB
SReclaimable:      31968 kB
SUnreclaim:        81336 kB
KernelStack:       16512 kB
PageTables:       120276 kB
NFS_Unstable:          0 kB
Bounce:                0 kB
WritebackTmp:          0 kB
CommitLimit:     5054072 kB
Committed_AS:   13706460 kB
VmallocTotal:   34359738367 kB
VmallocUsed:           0 kB
VmallocChunk:          0 kB
HardwareCorrupted:     0 kB
AnonHugePages:         0 kB
ShmemHugePages:        0 kB
ShmemPmdMapped:        0 kB
HugePages_Total:       0
HugePages_Free:        0
HugePages_Rsvd:        0
HugePages_Surp:        0
Hugepagesize:       2048 kB
DirectMap4k:      411644 kB
DirectMap2M:     7806976 kB


CPU:total 2 (2 cores per cpu, 1 threads per core) family 6 model 23 stepping 10, cmov, cx8, fxsr, mmx, sse, sse2, sse3, ssse3, sse4.1, tsc

/proc/cpuinfo:
processor	: 0
vendor_id	: GenuineIntel
cpu family	: 6
model		: 23
model name	: Intel(R) Core(TM)2 Duo CPU     E8400  @ 3.00GHz
stepping	: 10
microcode	: 0xa0c
cpu MHz		: 3000.000
cache size	: 6144 KB
physical id	: 0
siblings	: 2
core id		: 0
cpu cores	: 2
apicid		: 0
initial apicid	: 0
fpu		: yes
fpu_exception	: yes
cpuid level	: 13
wp		: yes
flags		: fpu vme de pse tsc msr pae mce cx8 apic sep mtrr pge mca cmov pat pse36 clflush dts acpi mmx fxsr sse sse2 ss ht tm pbe syscall nx lm constant_tsc arch_perfmon pebs bts rep_good nopl aperfmperf eagerfpu pni dtes64 monitor ds_cpl vmx smx est tm2 ssse3 cx16 xtpr pdcm sse4_1 xsave lahf_lm tpr_shadow vnmi flexpriority dtherm
bugs		:
bogomips	: 5985.63
clflush size	: 64
cache_alignment	: 64
address sizes	: 36 bits physical, 48 bits virtual
power management:

processor	: 1
vendor_id	: GenuineIntel
cpu family	: 6
model		: 23
model name	: Intel(R) Core(TM)2 Duo CPU     E8400  @ 3.00GHz
stepping	: 10
microcode	: 0xa0c
cpu MHz		: 3000.000
cache size	: 6144 KB
physical id	: 0
siblings	: 2
core id		: 1
cpu cores	: 2
apicid		: 1
initial apicid	: 1
fpu		: yes
fpu_exception	: yes
cpuid level	: 13
wp		: yes
flags		: fpu vme de pse tsc msr pae mce cx8 apic sep mtrr pge mca cmov pat pse36 clflush dts acpi mmx fxsr sse sse2 ss ht tm pbe syscall nx lm constant_tsc arch_perfmon pebs bts rep_good nopl aperfmperf eagerfpu pni dtes64 monitor ds_cpl vmx smx est tm2 ssse3 cx16 xtpr pdcm sse4_1 xsave lahf_lm tpr_shadow vnmi flexpriority dtherm
bugs		:
bogomips	: 5984.91
clflush size	: 64
cache_alignment	: 64
address sizes	: 36 bits physical, 48 bits virtual
power management:



Memory: 4k page, physical 8011000k(803964k free), swap 1048572k(122032k free)

vm_info: Java HotSpot(TM) 64-Bit Server VM (25.121-b13) for linux-amd64 JRE (1.8.0_121-b13), built on Dec 12 2016 16:36:53 by "java_re" with gcc 4.3.0 20080428 (Red Hat 4.3.0-8)

time: Thu Jun 22 21:47:15 2017
elapsed time: 463 seconds (0d 0h 7m 43s)

